Linux ko 6.8.0-134-generic #134-Ubuntu SMP PREEMPT_DYNAMIC Fri Jun 26 18:28:11 UTC 2026 aarch64 aarch64 aarch64 GNU/Linux

255055 dg2b started on Fri Jul 17 04:02:22 PM UTC 2026
255055 dg2b skipping reset_tm...
255058 255059 255062 255063 Abe requested demo...
Al requested demo...
Ava requested demo...
255069 255071 255072 Aza requested demo...
Cyn started demo for Abe
Bob started demo for Abe
Ann started demo for Abe
+2 Cyn demo DONE for Abe
+2 Bob demo DONE for Abe
+3 Ann demo DONE for Abe
255100 255104 255106 Cyn started demo for Aza
Ann started demo for Aza
Bob started demo for Aza
+1 Bob demo DONE for Aza
+2 Ann demo DONE for Aza
+4 Cyn demo DONE for Aza
255138 255139 255141 Ann started demo for Al
Cyn started demo for Al
Bob started demo for Al
+1 Bob demo DONE for Al
+2 Ann demo DONE for Al
+2 Cyn demo DONE for Al
255160 255161 255164 Ann started demo for Ava
Cyn started demo for Ava
Bob started demo for Ava
+2 Ann demo DONE for Ava
+2 Bob demo DONE for Ava
+3 Cyn demo DONE for Ava
255055 dg2b DONE on Fri Jul 17 04:02:39 PM UTC 2026

Press ENTER or type command to continue

